<?xml version="1.0" encoding="UTF-8"?>
<!-- Generated by org.testng.reporters.JUnitReportReporter -->
<testsuite hostname="LAPTOP-DFS515IC" failures="0" tests="2" name="stepDefinitionPack.TestRunner" time="14.307" errors="0" timestamp="10 Dec 2019 00:47:32 GMT" skipped="0">
  <testcase classname="stepDefinitionPack.TestRunner" name="runScenario" time="6.833"/>
  <testcase classname="stepDefinitionPack.TestRunner" name="runScenario" time="7.474"/>
</testsuite> <!-- stepDefinitionPack.TestRunner -->
