<?xml version="1.0" encoding="UTF-8"?>
<!-- Generated by org.testng.reporters.JUnitReportReporter -->
<testsuite hostname="LAPTOP-DFS515IC" failures="0" tests="2" name="stepDefinitionPack.TestRunnerTest" time="14.626" errors="0" timestamp="16 Dec 2019 23:18:58 GMT" skipped="0">
  <testcase classname="stepDefinitionPack.TestRunnerTest" name="runScenario" time="6.761"/>
  <testcase classname="stepDefinitionPack.TestRunnerTest" name="runScenario" time="7.865"/>
</testsuite> <!-- stepDefinitionPack.TestRunnerTest -->
